<?xml version="1.0" encoding="UTF-8"?>
<coverage generated="1538107154972" clover="3.2.0">
  <project timestamp="1538107154972" name="All files">
    <metrics statements="116" coveredstatements="102" conditionals="64" coveredconditionals="60" methods="69" coveredmethods="51" elements="249" coveredelements="213" complexity="0" loc="116" ncloc="116" packages="6" files="19" classes="19">
      <package name="actions">
        <metrics statements="9" coveredstatements="9" conditionals="7" coveredconditionals="6" methods="8" coveredmethods="8"/>
        <file name="expenses.js" path="/Users/hanzhang/Desktop/my_own_app/react-app/expensify-app/src/actions/expenses.js">
          <metrics statements="4" coveredstatements="4" conditionals="6" coveredconditionals="5" methods="3" coveredmethods="3"/>
          <line num="7" count="3" type="stmt"/>
          <line num="10" count="2" type="stmt"/>
          <line num="21" count="3" type="cond" truecount="0" falsecount="1"/>
          <line num="26" count="3" type="stmt"/>
        </file>
        <file name="filters.js" path="/Users/hanzhang/Desktop/my_own_app/react-app/expensify-app/src/actions/filters.js">
          <metrics statements="5" coveredstatements="5" conditionals="1" coveredconditionals="1" methods="5" coveredmethods="5"/>
          <line num="5" count="3" type="cond" truecount="1" falsecount="0"/>
          <line num="10" count="3" type="stmt"/>
          <line num="14" count="3" type="stmt"/>
          <line num="18" count="3" type="stmt"/>
          <line num="23" count="3" type="stmt"/>
        </file>
      </package>
      <package name="components">
        <metrics statements="71" coveredstatements="57" conditionals="28" coveredconditionals="26" methods="51" coveredmethods="33"/>
        <file name="AddExpensePage.js" path="/Users/hanzhang/Desktop/my_own_app/react-app/expensify-app/src/components/AddExpensePage.js">
          <metrics statements="5" coveredstatements="4" conditionals="0" coveredconditionals="0" methods="4" coveredmethods="2"/>
          <line num="10" count="1" type="stmt"/>
          <line num="11" count="1" type="stmt"/>
          <line num="15" count="2" type="stmt"/>
          <line num="26" count="1" type="stmt"/>
          <line num="27" count="0" type="stmt"/>
        </file>
        <file name="EditExpensePage.js" path="/Users/hanzhang/Desktop/my_own_app/react-app/expensify-app/src/components/EditExpensePage.js">
          <metrics statements="10" coveredstatements="7" conditionals="0" coveredconditionals="0" methods="8" coveredmethods="3"/>
          <line num="11" count="1" type="stmt"/>
          <line num="12" count="1" type="stmt"/>
          <line num="16" count="1" type="stmt"/>
          <line num="17" count="1" type="stmt"/>
          <line num="20" count="3" type="stmt"/>
          <line num="40" count="1" type="stmt"/>
          <line num="41" count="0" type="stmt"/>
          <line num="42" count="0" type="stmt"/>
          <line num="47" count="1" type="stmt"/>
          <line num="48" count="0" type="stmt"/>
        </file>
        <file name="ExpenseDashboardPage.js" path="/Users/hanzhang/Desktop/my_own_app/react-app/expensify-app/src/components/ExpenseDashboardPage.js">
          <metrics statements="2" coveredstatements="2" conditionals="0" coveredconditionals="0" methods="1" coveredmethods="1"/>
          <line num="8" count="1" type="stmt"/>
          <line num="9" count="1" type="stmt"/>
        </file>
        <file name="ExpenseForm.js" path="/Users/hanzhang/Desktop/my_own_app/react-app/expensify-app/src/components/ExpenseForm.js">
          <metrics statements="21" coveredstatements="20" conditionals="20" coveredconditionals="19" methods="16" coveredmethods="15"/>
          <line num="13" count="10" type="stmt"/>
          <line num="14" count="10" type="stmt"/>
          <line num="33" count="1" type="stmt"/>
          <line num="37" count="1" type="cond" truecount="1" falsecount="1"/>
          <line num="38" count="1" type="stmt"/>
          <line num="42" count="2" type="stmt"/>
          <line num="47" count="2" type="cond" truecount="4" falsecount="0"/>
          <line num="48" count="1" type="stmt"/>
          <line num="52" count="1" type="stmt"/>
          <line num="53" count="1" type="stmt"/>
          <line num="56" count="1" type="stmt"/>
          <line num="57" count="1" type="stmt"/>
          <line num="66" count="2" type="stmt"/>
          <line num="67" count="2" type="cond" truecount="4" falsecount="0"/>
          <line num="68" count="1" type="stmt"/>
          <line num="69" count="1" type="stmt"/>
          <line num="71" count="1" type="stmt"/>
          <line num="72" count="1" type="stmt"/>
          <line num="79" count="1" type="stmt"/>
          <line num="87" count="17" type="stmt"/>
          <line num="112" count="0" type="stmt"/>
        </file>
        <file name="ExpenseList.js" path="/Users/hanzhang/Desktop/my_own_app/react-app/expensify-app/src/components/ExpenseList.js">
          <metrics statements="6" coveredstatements="5" conditionals="2" coveredconditionals="2" methods="3" coveredmethods="2"/>
          <line num="8" count="2" type="stmt"/>
          <line num="10" count="2" type="stmt"/>
          <line num="11" count="2" type="stmt"/>
          <line num="20" count="3" type="stmt"/>
          <line num="32" count="2" type="stmt"/>
          <line num="33" count="0" type="stmt"/>
        </file>
        <file name="ExpenseListFilters.js" path="/Users/hanzhang/Desktop/my_own_app/react-app/expensify-app/src/components/ExpenseListFilters.js">
          <metrics statements="15" coveredstatements="9" conditionals="4" coveredconditionals="3" methods="14" coveredmethods="6"/>
          <line num="14" count="1" type="stmt"/>
          <line num="15" count="1" type="stmt"/>
          <line num="19" count="1" type="stmt"/>
          <line num="22" count="2" type="cond" truecount="2" falsecount="0"/>
          <line num="23" count="1" type="cond" truecount="1" falsecount="1"/>
          <line num="26" count="1" type="stmt"/>
          <line num="30" count="10" type="stmt"/>
          <line num="61" count="0" type="stmt"/>
          <line num="68" count="2" type="stmt"/>
          <line num="72" count="2" type="stmt"/>
          <line num="73" count="0" type="stmt"/>
          <line num="74" count="0" type="stmt"/>
          <line num="75" count="0" type="stmt"/>
          <line num="76" count="0" type="stmt"/>
          <line num="77" count="0" type="stmt"/>
        </file>
        <file name="ExpenseListItem.js" path="/Users/hanzhang/Desktop/my_own_app/react-app/expensify-app/src/components/ExpenseListItem.js">
          <metrics statements="2" coveredstatements="2" conditionals="0" coveredconditionals="0" methods="1" coveredmethods="1"/>
          <line num="6" count="3" type="stmt"/>
          <line num="9" count="1" type="stmt"/>
        </file>
        <file name="ExpensesSummary.js" path="/Users/hanzhang/Desktop/my_own_app/react-app/expensify-app/src/components/ExpensesSummary.js">
          <metrics statements="6" coveredstatements="4" conditionals="2" coveredconditionals="2" methods="2" coveredmethods="1"/>
          <line num="11" count="2" type="cond" truecount="2" falsecount="0"/>
          <line num="12" count="2" type="stmt"/>
          <line num="13" count="2" type="stmt"/>
          <line num="26" count="2" type="stmt"/>
          <line num="27" count="0" type="stmt"/>
          <line num="28" count="0" type="stmt"/>
        </file>
        <file name="Header.js" path="/Users/hanzhang/Desktop/my_own_app/react-app/expensify-app/src/components/Header.js">
          <metrics statements="2" coveredstatements="2" conditionals="0" coveredconditionals="0" methods="1" coveredmethods="1"/>
          <line num="5" count="1" type="stmt"/>
          <line num="6" count="1" type="stmt"/>
        </file>
        <file name="NotFoundPage.js" path="/Users/hanzhang/Desktop/my_own_app/react-app/expensify-app/src/components/NotFoundPage.js">
          <metrics statements="2" coveredstatements="2" conditionals="0" coveredconditionals="0" methods="1" coveredmethods="1"/>
          <line num="4" count="1" type="stmt"/>
          <line num="5" count="1" type="stmt"/>
        </file>
      </package>
      <package name="reducers">
        <metrics statements="19" coveredstatements="19" conditionals="14" coveredconditionals="14" methods="4" coveredmethods="4"/>
        <file name="expenses.js" path="/Users/hanzhang/Desktop/my_own_app/react-app/expensify-app/src/reducers/expenses.js">
          <metrics statements="10" coveredstatements="10" conditionals="7" coveredconditionals="7" methods="3" coveredmethods="3"/>
          <line num="3" count="1" type="stmt"/>
          <line num="4" count="1" type="cond" truecount="1" falsecount="0"/>
          <line num="5" count="6" type="cond" truecount="4" falsecount="0"/>
          <line num="10" count="1" type="stmt"/>
          <line num="17" count="6" type="stmt"/>
          <line num="19" count="2" type="stmt"/>
          <line num="20" count="6" type="cond" truecount="2" falsecount="0"/>
          <line num="21" count="1" type="stmt"/>
          <line num="26" count="5" type="stmt"/>
          <line num="30" count="1" type="stmt"/>
        </file>
        <file name="filters.js" path="/Users/hanzhang/Desktop/my_own_app/react-app/expensify-app/src/reducers/filters.js">
          <metrics statements="9" coveredstatements="9" conditionals="7" coveredconditionals="7" methods="1" coveredmethods="1"/>
          <line num="4" count="1" type="stmt"/>
          <line num="14" count="1" type="cond" truecount="1" falsecount="0"/>
          <line num="15" count="6" type="cond" truecount="6" falsecount="0"/>
          <line num="17" count="1" type="stmt"/>
          <line num="22" count="1" type="stmt"/>
          <line num="27" count="1" type="stmt"/>
          <line num="32" count="1" type="stmt"/>
          <line num="37" count="1" type="stmt"/>
          <line num="42" count="1" type="stmt"/>
        </file>
      </package>
      <package name="selectors">
        <metrics statements="14" coveredstatements="14" conditionals="15" coveredconditionals="14" methods="6" coveredmethods="6"/>
        <file name="expenses-total.js" path="/Users/hanzhang/Desktop/my_own_app/react-app/expensify-app/src/selectors/expenses-total.js">
          <metrics statements="3" coveredstatements="3" conditionals="0" coveredconditionals="0" methods="3" coveredmethods="3"/>
          <line num="8" count="3" type="stmt"/>
          <line num="9" count="4" type="stmt"/>
          <line num="10" count="4" type="stmt"/>
        </file>
        <file name="expenses.js" path="/Users/hanzhang/Desktop/my_own_app/react-app/expensify-app/src/selectors/expenses.js">
          <metrics statements="11" coveredstatements="11" conditionals="15" coveredconditionals="14" methods="3" coveredmethods="3"/>
          <line num="4" count="4" type="stmt"/>
          <line num="6" count="5" type="stmt"/>
          <line num="9" count="15" type="stmt"/>
          <line num="11" count="15" type="cond" truecount="2" falsecount="0"/>
          <line num="14" count="15" type="cond" truecount="2" falsecount="0"/>
          <line num="16" count="15" type="stmt"/>
          <line num="28" count="15" type="cond" truecount="3" falsecount="0"/>
          <line num="33" count="9" type="cond" truecount="2" falsecount="0"/>
          <line num="34" count="6" type="cond" truecount="2" falsecount="0"/>
          <line num="36" count="3" type="cond" truecount="1" falsecount="1"/>
          <line num="37" count="3" type="cond" truecount="2" falsecount="0"/>
        </file>
      </package>
      <package name="tests">
        <metrics statements="1" coveredstatements="1" conditionals="0" coveredconditionals="0" methods="0" coveredmethods="0"/>
        <file name="setupTests.js" path="/Users/hanzhang/Desktop/my_own_app/react-app/expensify-app/src/tests/setupTests.js">
          <metrics statements="1" coveredstatements="1" conditionals="0" coveredconditionals="0" methods="0" coveredmethods="0"/>
          <line num="14" count="16" type="stmt"/>
        </file>
      </package>
      <package name="tests.fixtures">
        <metrics statements="2" coveredstatements="2" conditionals="0" coveredconditionals="0" methods="0" coveredmethods="0"/>
        <file name="expenses.js" path="/Users/hanzhang/Desktop/my_own_app/react-app/expensify-app/src/tests/fixtures/expenses.js">
          <metrics statements="1" coveredstatements="1" conditionals="0" coveredconditionals="0" methods="0" coveredmethods="0"/>
          <line num="2" count="9" type="stmt"/>
        </file>
        <file name="filters.js" path="/Users/hanzhang/Desktop/my_own_app/react-app/expensify-app/src/tests/fixtures/filters.js">
          <metrics statements="1" coveredstatements="1" conditionals="0" coveredconditionals="0" methods="0" coveredmethods="0"/>
          <line num="3" count="1" type="stmt"/>
        </file>
      </package>
    </metrics>
  </project>
</coverage>
