{"/Users/hanzhang/Desktop/my_own_app/react-app/expensify-app/src/actions/expenses.js": {"path":"/Users/hanzhang/Desktop/my_own_app/react-app/expensify-app/src/actions/expenses.js","statementMap":{"0":{"start":{"line":7,"column":26},"end":{"line":19,"column":10}},"1":{"start":{"line":10,"column":8},"end":{"line":19,"column":9}},"2":{"start":{"line":21,"column":29},"end":{"line":24,"column":2}},"3":{"start":{"line":21,"column":47},"end":{"line":24,"column":1}},"4":{"start":{"line":26,"column":27},"end":{"line":30,"column":2}},"5":{"start":{"line":26,"column":45},"end":{"line":30,"column":1}}},"fnMap":{"0":{"name":"(anonymous_0)","decl":{"start":{"line":7,"column":26},"end":{"line":7,"column":27}},"loc":{"start":{"line":10,"column":8},"end":{"line":19,"column":9}},"line":10},"1":{"name":"(anonymous_1)","decl":{"start":{"line":21,"column":29},"end":{"line":21,"column":30}},"loc":{"start":{"line":21,"column":47},"end":{"line":24,"column":1}},"line":21},"2":{"name":"(anonymous_2)","decl":{"start":{"line":26,"column":27},"end":{"line":26,"column":28}},"loc":{"start":{"line":26,"column":45},"end":{"line":30,"column":1}},"line":26}},"branchMap":{"0":{"loc":{"start":{"line":8,"column":4},"end":{"line":8,"column":67}},"type":"default-arg","locations":[{"start":{"line":8,"column":65},"end":{"line":8,"column":67}}],"line":8},"1":{"loc":{"start":{"line":8,"column":6},"end":{"line":8,"column":22}},"type":"default-arg","locations":[{"start":{"line":8,"column":20},"end":{"line":8,"column":22}}],"line":8},"2":{"loc":{"start":{"line":8,"column":24},"end":{"line":8,"column":33}},"type":"default-arg","locations":[{"start":{"line":8,"column":31},"end":{"line":8,"column":33}}],"line":8},"3":{"loc":{"start":{"line":8,"column":35},"end":{"line":8,"column":45}},"type":"default-arg","locations":[{"start":{"line":8,"column":44},"end":{"line":8,"column":45}}],"line":8},"4":{"loc":{"start":{"line":8,"column":47},"end":{"line":8,"column":60}},"type":"default-arg","locations":[{"start":{"line":8,"column":59},"end":{"line":8,"column":60}}],"line":8},"5":{"loc":{"start":{"line":21,"column":30},"end":{"line":21,"column":41}},"type":"default-arg","locations":[{"start":{"line":21,"column":39},"end":{"line":21,"column":41}}],"line":21}},"s":{"0":3,"1":2,"2":3,"3":1,"4":3,"5":1},"f":{"0":2,"1":1,"2":1},"b":{"0":[1],"1":[1],"2":[1],"3":[1],"4":[1],"5":[0]},"_coverageSchema":"332fd63041d2c1bcb487cc26dd0d5f7d97098a6c","hash":"6491fccd7ddac6aafb1bc10b10cc2e1fda7b06df"}
,"/Users/hanzhang/Desktop/my_own_app/react-app/expensify-app/src/actions/filters.js": {"path":"/Users/hanzhang/Desktop/my_own_app/react-app/expensify-app/src/actions/filters.js","statementMap":{"0":{"start":{"line":5,"column":29},"end":{"line":8,"column":2}},"1":{"start":{"line":5,"column":45},"end":{"line":8,"column":1}},"2":{"start":{"line":10,"column":26},"end":{"line":12,"column":2}},"3":{"start":{"line":10,"column":33},"end":{"line":12,"column":1}},"4":{"start":{"line":14,"column":28},"end":{"line":16,"column":2}},"5":{"start":{"line":14,"column":35},"end":{"line":16,"column":1}},"6":{"start":{"line":18,"column":28},"end":{"line":21,"column":2}},"7":{"start":{"line":18,"column":44},"end":{"line":21,"column":1}},"8":{"start":{"line":23,"column":26},"end":{"line":26,"column":2}},"9":{"start":{"line":23,"column":40},"end":{"line":26,"column":1}}},"fnMap":{"0":{"name":"(anonymous_0)","decl":{"start":{"line":5,"column":29},"end":{"line":5,"column":30}},"loc":{"start":{"line":5,"column":45},"end":{"line":8,"column":1}},"line":5},"1":{"name":"(anonymous_1)","decl":{"start":{"line":10,"column":26},"end":{"line":10,"column":27}},"loc":{"start":{"line":10,"column":33},"end":{"line":12,"column":1}},"line":10},"2":{"name":"(anonymous_2)","decl":{"start":{"line":14,"column":28},"end":{"line":14,"column":29}},"loc":{"start":{"line":14,"column":35},"end":{"line":16,"column":1}},"line":14},"3":{"name":"(anonymous_3)","decl":{"start":{"line":18,"column":28},"end":{"line":18,"column":29}},"loc":{"start":{"line":18,"column":44},"end":{"line":21,"column":1}},"line":18},"4":{"name":"(anonymous_4)","decl":{"start":{"line":23,"column":26},"end":{"line":23,"column":27}},"loc":{"start":{"line":23,"column":40},"end":{"line":26,"column":1}},"line":23}},"branchMap":{"0":{"loc":{"start":{"line":5,"column":30},"end":{"line":5,"column":39}},"type":"default-arg","locations":[{"start":{"line":5,"column":37},"end":{"line":5,"column":39}}],"line":5}},"s":{"0":3,"1":2,"2":3,"3":1,"4":3,"5":1,"6":3,"7":1,"8":3,"9":1},"f":{"0":2,"1":1,"2":1,"3":1,"4":1},"b":{"0":[1]},"_coverageSchema":"332fd63041d2c1bcb487cc26dd0d5f7d97098a6c","hash":"456f049220e43e9b34bbd0cbff400204fd9dcab3"}
,"/Users/hanzhang/Desktop/my_own_app/react-app/expensify-app/src/components/AddExpensePage.js": {"path":"/Users/hanzhang/Desktop/my_own_app/react-app/expensify-app/src/components/AddExpensePage.js","statementMap":{"0":{"start":{"line":10,"column":8},"end":{"line":10,"column":39}},"1":{"start":{"line":11,"column":8},"end":{"line":11,"column":37}},"2":{"start":{"line":15,"column":8},"end":{"line":22,"column":10}},"3":{"start":{"line":26,"column":27},"end":{"line":28,"column":2}},"4":{"start":{"line":26,"column":42},"end":{"line":28,"column":1}},"5":{"start":{"line":27,"column":30},"end":{"line":27,"column":59}}},"fnMap":{"0":{"name":"(anonymous_0)","decl":{"start":{"line":9,"column":15},"end":{"line":9,"column":16}},"loc":{"start":{"line":9,"column":28},"end":{"line":12,"column":5}},"line":9},"1":{"name":"(anonymous_1)","decl":{"start":{"line":14,"column":4},"end":{"line":14,"column":5}},"loc":{"start":{"line":14,"column":13},"end":{"line":23,"column":5}},"line":14},"2":{"name":"(anonymous_2)","decl":{"start":{"line":26,"column":27},"end":{"line":26,"column":28}},"loc":{"start":{"line":26,"column":42},"end":{"line":28,"column":1}},"line":26},"3":{"name":"(anonymous_3)","decl":{"start":{"line":27,"column":16},"end":{"line":27,"column":17}},"loc":{"start":{"line":27,"column":30},"end":{"line":27,"column":59}},"line":27}},"branchMap":{},"s":{"0":1,"1":1,"2":2,"3":1,"4":0,"5":0},"f":{"0":1,"1":2,"2":0,"3":0},"b":{},"_coverageSchema":"332fd63041d2c1bcb487cc26dd0d5f7d97098a6c","hash":"8f9e86efb2d94edeb046ffec428f9a81f4e4fafb"}
,"/Users/hanzhang/Desktop/my_own_app/react-app/expensify-app/src/components/EditExpensePage.js": {"path":"/Users/hanzhang/Desktop/my_own_app/react-app/expensify-app/src/components/EditExpensePage.js","statementMap":{"0":{"start":{"line":11,"column":8},"end":{"line":11,"column":63}},"1":{"start":{"line":12,"column":8},"end":{"line":12,"column":37}},"2":{"start":{"line":16,"column":8},"end":{"line":16,"column":64}},"3":{"start":{"line":17,"column":8},"end":{"line":17,"column":37}},"4":{"start":{"line":20,"column":8},"end":{"line":36,"column":10}},"5":{"start":{"line":40,"column":27},"end":{"line":43,"column":2}},"6":{"start":{"line":40,"column":49},"end":{"line":43,"column":1}},"7":{"start":{"line":41,"column":35},"end":{"line":41,"column":69}},"8":{"start":{"line":42,"column":30},"end":{"line":42,"column":59}},"9":{"start":{"line":47,"column":24},"end":{"line":49,"column":2}},"10":{"start":{"line":47,"column":43},"end":{"line":49,"column":1}},"11":{"start":{"line":48,"column":46},"end":{"line":48,"column":86}}},"fnMap":{"0":{"name":"(anonymous_0)","decl":{"start":{"line":10,"column":15},"end":{"line":10,"column":16}},"loc":{"start":{"line":10,"column":28},"end":{"line":13,"column":5}},"line":10},"1":{"name":"(anonymous_1)","decl":{"start":{"line":15,"column":15},"end":{"line":15,"column":16}},"loc":{"start":{"line":15,"column":21},"end":{"line":18,"column":5}},"line":15},"2":{"name":"(anonymous_2)","decl":{"start":{"line":19,"column":4},"end":{"line":19,"column":5}},"loc":{"start":{"line":19,"column":13},"end":{"line":37,"column":5}},"line":19},"3":{"name":"(anonymous_3)","decl":{"start":{"line":40,"column":27},"end":{"line":40,"column":28}},"loc":{"start":{"line":40,"column":49},"end":{"line":43,"column":1}},"line":40},"4":{"name":"(anonymous_4)","decl":{"start":{"line":41,"column":17},"end":{"line":41,"column":18}},"loc":{"start":{"line":41,"column":35},"end":{"line":41,"column":69}},"line":41},"5":{"name":"(anonymous_5)","decl":{"start":{"line":42,"column":19},"end":{"line":42,"column":20}},"loc":{"start":{"line":42,"column":30},"end":{"line":42,"column":59}},"line":42},"6":{"name":"(anonymous_6)","decl":{"start":{"line":47,"column":24},"end":{"line":47,"column":25}},"loc":{"start":{"line":47,"column":43},"end":{"line":49,"column":1}},"line":47},"7":{"name":"(anonymous_7)","decl":{"start":{"line":48,"column":34},"end":{"line":48,"column":35}},"loc":{"start":{"line":48,"column":44},"end":{"line":48,"column":88}},"line":48}},"branchMap":{},"s":{"0":1,"1":1,"2":1,"3":1,"4":3,"5":1,"6":0,"7":0,"8":0,"9":1,"10":0,"11":0},"f":{"0":1,"1":1,"2":3,"3":0,"4":0,"5":0,"6":0,"7":0},"b":{},"_coverageSchema":"332fd63041d2c1bcb487cc26dd0d5f7d97098a6c","hash":"ef3f2605eba301ab141d116e12e3f8b80b058bb5"}
,"/Users/hanzhang/Desktop/my_own_app/react-app/expensify-app/src/components/ExpenseDashboardPage.js": {"path":"/Users/hanzhang/Desktop/my_own_app/react-app/expensify-app/src/components/ExpenseDashboardPage.js","statementMap":{"0":{"start":{"line":6,"column":29},"end":{"line":13,"column":1}},"1":{"start":{"line":7,"column":4},"end":{"line":12,"column":10}}},"fnMap":{"0":{"name":"(anonymous_0)","decl":{"start":{"line":6,"column":29},"end":{"line":6,"column":30}},"loc":{"start":{"line":7,"column":4},"end":{"line":12,"column":10}},"line":7}},"branchMap":{},"s":{"0":1,"1":1},"f":{"0":1},"b":{},"_coverageSchema":"332fd63041d2c1bcb487cc26dd0d5f7d97098a6c","hash":"cd54ea2b9c69d4dc6cfb236f8047c7e1231d13a6"}
,"/Users/hanzhang/Desktop/my_own_app/react-app/expensify-app/src/components/ExpenseForm.js": {"path":"/Users/hanzhang/Desktop/my_own_app/react-app/expensify-app/src/components/ExpenseForm.js","statementMap":{"0":{"start":{"line":13,"column":8},"end":{"line":13,"column":21}},"1":{"start":{"line":14,"column":8},"end":{"line":21,"column":10}},"2":{"start":{"line":33,"column":8},"end":{"line":33,"column":60}},"3":{"start":{"line":33,"column":29},"end":{"line":33,"column":57}},"4":{"start":{"line":37,"column":8},"end":{"line":39,"column":9}},"5":{"start":{"line":38,"column":12},"end":{"line":38,"column":49}},"6":{"start":{"line":38,"column":33},"end":{"line":38,"column":46}},"7":{"start":{"line":42,"column":23},"end":{"line":42,"column":37}},"8":{"start":{"line":47,"column":8},"end":{"line":49,"column":9}},"9":{"start":{"line":48,"column":12},"end":{"line":48,"column":46}},"10":{"start":{"line":48,"column":33},"end":{"line":48,"column":43}},"11":{"start":{"line":52,"column":28},"end":{"line":52,"column":42}},"12":{"start":{"line":53,"column":8},"end":{"line":53,"column":47}},"13":{"start":{"line":53,"column":29},"end":{"line":53,"column":44}},"14":{"start":{"line":56,"column":21},"end":{"line":56,"column":35}},"15":{"start":{"line":57,"column":8},"end":{"line":57,"column":40}},"16":{"start":{"line":57,"column":29},"end":{"line":57,"column":37}},"17":{"start":{"line":66,"column":8},"end":{"line":66,"column":27}},"18":{"start":{"line":67,"column":8},"end":{"line":81,"column":9}},"19":{"start":{"line":68,"column":26},"end":{"line":68,"column":66}},"20":{"start":{"line":69,"column":12},"end":{"line":69,"column":45}},"21":{"start":{"line":69,"column":33},"end":{"line":69,"column":42}},"22":{"start":{"line":71,"column":12},"end":{"line":71,"column":49}},"23":{"start":{"line":71,"column":33},"end":{"line":71,"column":46}},"24":{"start":{"line":72,"column":28},"end":{"line":78,"column":13}},"25":{"start":{"line":79,"column":12},"end":{"line":79,"column":41}},"26":{"start":{"line":87,"column":8},"end":{"line":124,"column":10}},"27":{"start":{"line":112,"column":48},"end":{"line":112,"column":53}}},"fnMap":{"0":{"name":"(anonymous_0)","decl":{"start":{"line":12,"column":4},"end":{"line":12,"column":5}},"loc":{"start":{"line":12,"column":23},"end":{"line":22,"column":5}},"line":12},"1":{"name":"(anonymous_1)","decl":{"start":{"line":31,"column":20},"end":{"line":31,"column":21}},"loc":{"start":{"line":31,"column":37},"end":{"line":35,"column":5}},"line":31},"2":{"name":"(anonymous_2)","decl":{"start":{"line":33,"column":22},"end":{"line":33,"column":23}},"loc":{"start":{"line":33,"column":29},"end":{"line":33,"column":57}},"line":33},"3":{"name":"(anonymous_3)","decl":{"start":{"line":36,"column":19},"end":{"line":36,"column":20}},"loc":{"start":{"line":36,"column":34},"end":{"line":40,"column":5}},"line":36},"4":{"name":"(anonymous_4)","decl":{"start":{"line":38,"column":26},"end":{"line":38,"column":27}},"loc":{"start":{"line":38,"column":33},"end":{"line":38,"column":46}},"line":38},"5":{"name":"(anonymous_5)","decl":{"start":{"line":41,"column":21},"end":{"line":41,"column":22}},"loc":{"start":{"line":41,"column":28},"end":{"line":50,"column":5}},"line":41},"6":{"name":"(anonymous_6)","decl":{"start":{"line":48,"column":26},"end":{"line":48,"column":27}},"loc":{"start":{"line":48,"column":33},"end":{"line":48,"column":43}},"line":48},"7":{"name":"(anonymous_7)","decl":{"start":{"line":51,"column":26},"end":{"line":51,"column":27}},"loc":{"start":{"line":51,"column":33},"end":{"line":54,"column":5}},"line":51},"8":{"name":"(anonymous_8)","decl":{"start":{"line":53,"column":22},"end":{"line":53,"column":23}},"loc":{"start":{"line":53,"column":29},"end":{"line":53,"column":44}},"line":53},"9":{"name":"(anonymous_9)","decl":{"start":{"line":55,"column":19},"end":{"line":55,"column":20}},"loc":{"start":{"line":55,"column":26},"end":{"line":64,"column":5}},"line":55},"10":{"name":"(anonymous_10)","decl":{"start":{"line":57,"column":22},"end":{"line":57,"column":23}},"loc":{"start":{"line":57,"column":29},"end":{"line":57,"column":37}},"line":57},"11":{"name":"(anonymous_11)","decl":{"start":{"line":65,"column":15},"end":{"line":65,"column":16}},"loc":{"start":{"line":65,"column":22},"end":{"line":82,"column":5}},"line":65},"12":{"name":"(anonymous_12)","decl":{"start":{"line":69,"column":26},"end":{"line":69,"column":27}},"loc":{"start":{"line":69,"column":33},"end":{"line":69,"column":42}},"line":69},"13":{"name":"(anonymous_13)","decl":{"start":{"line":71,"column":26},"end":{"line":71,"column":27}},"loc":{"start":{"line":71,"column":33},"end":{"line":71,"column":46}},"line":71},"14":{"name":"(anonymous_14)","decl":{"start":{"line":84,"column":4},"end":{"line":84,"column":5}},"loc":{"start":{"line":84,"column":13},"end":{"line":125,"column":5}},"line":84},"15":{"name":"(anonymous_15)","decl":{"start":{"line":112,"column":40},"end":{"line":112,"column":41}},"loc":{"start":{"line":112,"column":46},"end":{"line":112,"column":55}},"line":112}},"branchMap":{"0":{"loc":{"start":{"line":15,"column":25},"end":{"line":15,"column":71}},"type":"cond-expr","locations":[{"start":{"line":15,"column":41},"end":{"line":15,"column":66}},{"start":{"line":15,"column":69},"end":{"line":15,"column":71}}],"line":15},"1":{"loc":{"start":{"line":16,"column":18},"end":{"line":16,"column":57}},"type":"cond-expr","locations":[{"start":{"line":16,"column":34},"end":{"line":16,"column":52}},{"start":{"line":16,"column":55},"end":{"line":16,"column":57}}],"line":16},"2":{"loc":{"start":{"line":17,"column":20},"end":{"line":17,"column":80}},"type":"cond-expr","locations":[{"start":{"line":17,"column":36},"end":{"line":17,"column":75}},{"start":{"line":17,"column":78},"end":{"line":17,"column":80}}],"line":17},"3":{"loc":{"start":{"line":18,"column":23},"end":{"line":18,"column":81}},"type":"cond-expr","locations":[{"start":{"line":18,"column":39},"end":{"line":18,"column":70}},{"start":{"line":18,"column":73},"end":{"line":18,"column":81}}],"line":18},"4":{"loc":{"start":{"line":37,"column":8},"end":{"line":39,"column":9}},"type":"if","locations":[{"start":{"line":37,"column":8},"end":{"line":39,"column":9}},{"start":{"line":37,"column":8},"end":{"line":39,"column":9}}],"line":37},"5":{"loc":{"start":{"line":47,"column":8},"end":{"line":49,"column":9}},"type":"if","locations":[{"start":{"line":47,"column":8},"end":{"line":49,"column":9}},{"start":{"line":47,"column":8},"end":{"line":49,"column":9}}],"line":47},"6":{"loc":{"start":{"line":47,"column":12},"end":{"line":47,"column":59}},"type":"binary-expr","locations":[{"start":{"line":47,"column":12},"end":{"line":47,"column":19}},{"start":{"line":47,"column":23},"end":{"line":47,"column":59}}],"line":47},"7":{"loc":{"start":{"line":67,"column":8},"end":{"line":81,"column":9}},"type":"if","locations":[{"start":{"line":67,"column":8},"end":{"line":81,"column":9}},{"start":{"line":67,"column":8},"end":{"line":81,"column":9}}],"line":67},"8":{"loc":{"start":{"line":67,"column":12},"end":{"line":67,"column":57}},"type":"binary-expr","locations":[{"start":{"line":67,"column":12},"end":{"line":67,"column":35}},{"start":{"line":67,"column":39},"end":{"line":67,"column":57}}],"line":67},"9":{"loc":{"start":{"line":89,"column":17},"end":{"line":89,"column":62}},"type":"binary-expr","locations":[{"start":{"line":89,"column":17},"end":{"line":89,"column":33}},{"start":{"line":89,"column":37},"end":{"line":89,"column":62}}],"line":89}},"s":{"0":10,"1":10,"2":1,"3":1,"4":1,"5":1,"6":1,"7":2,"8":2,"9":1,"10":1,"11":1,"12":1,"13":1,"14":1,"15":1,"16":1,"17":2,"18":2,"19":1,"20":1,"21":1,"22":1,"23":1,"24":1,"25":1,"26":17,"27":0},"f":{"0":10,"1":1,"2":1,"3":1,"4":1,"5":2,"6":1,"7":1,"8":1,"9":1,"10":1,"11":2,"12":1,"13":1,"14":17,"15":0},"b":{"0":[2,8],"1":[2,8],"2":[2,8],"3":[2,8],"4":[1,0],"5":[1,1],"6":[2,2],"7":[1,1],"8":[2,1],"9":[17,1]},"_coverageSchema":"332fd63041d2c1bcb487cc26dd0d5f7d97098a6c","hash":"4d1917ecace433c879c64efc82d600a7e3c07b72"}
,"/Users/hanzhang/Desktop/my_own_app/react-app/expensify-app/src/components/ExpenseList.js": {"path":"/Users/hanzhang/Desktop/my_own_app/react-app/expensify-app/src/components/ExpenseList.js","statementMap":{"0":{"start":{"line":8,"column":27},"end":{"line":29,"column":1}},"1":{"start":{"line":10,"column":21},"end":{"line":10,"column":35}},"2":{"start":{"line":11,"column":4},"end":{"line":28,"column":5}},"3":{"start":{"line":20,"column":39},"end":{"line":20,"column":84}},"4":{"start":{"line":32,"column":24},"end":{"line":39,"column":1}},"5":{"start":{"line":33,"column":4},"end":{"line":38,"column":7}}},"fnMap":{"0":{"name":"(anonymous_0)","decl":{"start":{"line":8,"column":27},"end":{"line":8,"column":28}},"loc":{"start":{"line":8,"column":38},"end":{"line":29,"column":1}},"line":8},"1":{"name":"(anonymous_1)","decl":{"start":{"line":20,"column":28},"end":{"line":20,"column":29}},"loc":{"start":{"line":20,"column":39},"end":{"line":20,"column":84}},"line":20},"2":{"name":"(anonymous_2)","decl":{"start":{"line":32,"column":24},"end":{"line":32,"column":25}},"loc":{"start":{"line":32,"column":35},"end":{"line":39,"column":1}},"line":32}},"branchMap":{"0":{"loc":{"start":{"line":14,"column":16},"end":{"line":24,"column":21}},"type":"cond-expr","locations":[{"start":{"line":16,"column":24},"end":{"line":16,"column":42}},{"start":{"line":19,"column":24},"end":{"line":23,"column":25}}],"line":14}},"s":{"0":2,"1":2,"2":2,"3":3,"4":2,"5":0},"f":{"0":2,"1":3,"2":0},"b":{"0":[1,1]},"_coverageSchema":"332fd63041d2c1bcb487cc26dd0d5f7d97098a6c","hash":"6c218192e38ce62df8416cde335327f5b0c8bea0"}
,"/Users/hanzhang/Desktop/my_own_app/react-app/expensify-app/src/components/ExpenseListFilters.js": {"path":"/Users/hanzhang/Desktop/my_own_app/react-app/expensify-app/src/components/ExpenseListFilters.js","statementMap":{"0":{"start":{"line":14,"column":8},"end":{"line":14,"column":43}},"1":{"start":{"line":15,"column":8},"end":{"line":15,"column":39}},"2":{"start":{"line":19,"column":8},"end":{"line":19,"column":51}},"3":{"start":{"line":19,"column":29},"end":{"line":19,"column":48}},"4":{"start":{"line":22,"column":8},"end":{"line":23,"column":75}},"5":{"start":{"line":22,"column":41},"end":{"line":22,"column":64}},"6":{"start":{"line":23,"column":13},"end":{"line":23,"column":75}},"7":{"start":{"line":23,"column":48},"end":{"line":23,"column":73}},"8":{"start":{"line":26,"column":8},"end":{"line":26,"column":49}},"9":{"start":{"line":30,"column":8},"end":{"line":64,"column":9}},"10":{"start":{"line":61,"column":44},"end":{"line":61,"column":49}},"11":{"start":{"line":68,"column":24},"end":{"line":70,"column":2}},"12":{"start":{"line":68,"column":36},"end":{"line":70,"column":1}},"13":{"start":{"line":72,"column":27},"end":{"line":78,"column":2}},"14":{"start":{"line":72,"column":49},"end":{"line":78,"column":1}},"15":{"start":{"line":73,"column":34},"end":{"line":73,"column":67}},"16":{"start":{"line":74,"column":30},"end":{"line":74,"column":59}},"17":{"start":{"line":75,"column":30},"end":{"line":75,"column":59}},"18":{"start":{"line":76,"column":23},"end":{"line":76,"column":45}},"19":{"start":{"line":77,"column":25},"end":{"line":77,"column":49}}},"fnMap":{"0":{"name":"(anonymous_0)","decl":{"start":{"line":13,"column":20},"end":{"line":13,"column":21}},"loc":{"start":{"line":13,"column":48},"end":{"line":17,"column":5}},"line":13},"1":{"name":"(anonymous_1)","decl":{"start":{"line":18,"column":20},"end":{"line":18,"column":21}},"loc":{"start":{"line":18,"column":41},"end":{"line":20,"column":5}},"line":18},"2":{"name":"(anonymous_2)","decl":{"start":{"line":19,"column":22},"end":{"line":19,"column":23}},"loc":{"start":{"line":19,"column":29},"end":{"line":19,"column":48}},"line":19},"3":{"name":"(anonymous_3)","decl":{"start":{"line":21,"column":19},"end":{"line":21,"column":20}},"loc":{"start":{"line":21,"column":26},"end":{"line":24,"column":5}},"line":21},"4":{"name":"(anonymous_4)","decl":{"start":{"line":25,"column":19},"end":{"line":25,"column":20}},"loc":{"start":{"line":25,"column":26},"end":{"line":27,"column":5}},"line":25},"5":{"name":"(anonymous_5)","decl":{"start":{"line":29,"column":4},"end":{"line":29,"column":5}},"loc":{"start":{"line":29,"column":13},"end":{"line":65,"column":5}},"line":29},"6":{"name":"(anonymous_6)","decl":{"start":{"line":61,"column":36},"end":{"line":61,"column":37}},"loc":{"start":{"line":61,"column":42},"end":{"line":61,"column":51}},"line":61},"7":{"name":"(anonymous_7)","decl":{"start":{"line":68,"column":24},"end":{"line":68,"column":25}},"loc":{"start":{"line":68,"column":36},"end":{"line":70,"column":1}},"line":68},"8":{"name":"(anonymous_8)","decl":{"start":{"line":72,"column":27},"end":{"line":72,"column":28}},"loc":{"start":{"line":72,"column":49},"end":{"line":78,"column":1}},"line":72},"9":{"name":"(anonymous_9)","decl":{"start":{"line":73,"column":18},"end":{"line":73,"column":19}},"loc":{"start":{"line":73,"column":34},"end":{"line":73,"column":67}},"line":73},"10":{"name":"(anonymous_10)","decl":{"start":{"line":74,"column":16},"end":{"line":74,"column":17}},"loc":{"start":{"line":74,"column":30},"end":{"line":74,"column":59}},"line":74},"11":{"name":"(anonymous_11)","decl":{"start":{"line":75,"column":19},"end":{"line":75,"column":20}},"loc":{"start":{"line":75,"column":30},"end":{"line":75,"column":59}},"line":75},"12":{"name":"(anonymous_12)","decl":{"start":{"line":76,"column":16},"end":{"line":76,"column":17}},"loc":{"start":{"line":76,"column":23},"end":{"line":76,"column":45}},"line":76},"13":{"name":"(anonymous_13)","decl":{"start":{"line":77,"column":18},"end":{"line":77,"column":19}},"loc":{"start":{"line":77,"column":25},"end":{"line":77,"column":49}},"line":77}},"branchMap":{"0":{"loc":{"start":{"line":22,"column":8},"end":{"line":23,"column":75}},"type":"if","locations":[{"start":{"line":22,"column":8},"end":{"line":23,"column":75}},{"start":{"line":22,"column":8},"end":{"line":23,"column":75}}],"line":22},"1":{"loc":{"start":{"line":23,"column":13},"end":{"line":23,"column":75}},"type":"if","locations":[{"start":{"line":23,"column":13},"end":{"line":23,"column":75}},{"start":{"line":23,"column":13},"end":{"line":23,"column":75}}],"line":23}},"s":{"0":1,"1":1,"2":1,"3":1,"4":2,"5":1,"6":1,"7":1,"8":1,"9":10,"10":0,"11":2,"12":0,"13":2,"14":0,"15":0,"16":0,"17":0,"18":0,"19":0},"f":{"0":1,"1":1,"2":1,"3":2,"4":1,"5":10,"6":0,"7":0,"8":0,"9":0,"10":0,"11":0,"12":0,"13":0},"b":{"0":[1,1],"1":[1,0]},"_coverageSchema":"332fd63041d2c1bcb487cc26dd0d5f7d97098a6c","hash":"35e1bade0ca65285572ad79330af787d86ba326c"}
,"/Users/hanzhang/Desktop/my_own_app/react-app/expensify-app/src/components/ExpenseListItem.js": {"path":"/Users/hanzhang/Desktop/my_own_app/react-app/expensify-app/src/components/ExpenseListItem.js","statementMap":{"0":{"start":{"line":4,"column":24},"end":{"line":14,"column":1}},"1":{"start":{"line":7,"column":4},"end":{"line":13,"column":6}}},"fnMap":{"0":{"name":"(anonymous_0)","decl":{"start":{"line":4,"column":24},"end":{"line":4,"column":25}},"loc":{"start":{"line":4,"column":35},"end":{"line":14,"column":1}},"line":4}},"branchMap":{},"s":{"0":3,"1":1},"f":{"0":1},"b":{},"_coverageSchema":"332fd63041d2c1bcb487cc26dd0d5f7d97098a6c","hash":"feda04937a05021ceec542914fc4e4479c9d1c84"}
,"/Users/hanzhang/Desktop/my_own_app/react-app/expensify-app/src/components/Header.js": {"path":"/Users/hanzhang/Desktop/my_own_app/react-app/expensify-app/src/components/Header.js","statementMap":{"0":{"start":{"line":5,"column":15},"end":{"line":15,"column":1}},"1":{"start":{"line":6,"column":4},"end":{"line":14,"column":13}}},"fnMap":{"0":{"name":"(anonymous_0)","decl":{"start":{"line":5,"column":15},"end":{"line":5,"column":16}},"loc":{"start":{"line":6,"column":4},"end":{"line":14,"column":13}},"line":6}},"branchMap":{},"s":{"0":1,"1":1},"f":{"0":1},"b":{},"_coverageSchema":"332fd63041d2c1bcb487cc26dd0d5f7d97098a6c","hash":"81e604469274eec2e4afb436b63656e418532fdb"}
,"/Users/hanzhang/Desktop/my_own_app/react-app/expensify-app/src/components/NotFoundPage.js": {"path":"/Users/hanzhang/Desktop/my_own_app/react-app/expensify-app/src/components/NotFoundPage.js","statementMap":{"0":{"start":{"line":4,"column":21},"end":{"line":9,"column":1}},"1":{"start":{"line":5,"column":4},"end":{"line":8,"column":10}}},"fnMap":{"0":{"name":"(anonymous_0)","decl":{"start":{"line":4,"column":21},"end":{"line":4,"column":22}},"loc":{"start":{"line":5,"column":4},"end":{"line":8,"column":10}},"line":5}},"branchMap":{},"s":{"0":1,"1":1},"f":{"0":1},"b":{},"_coverageSchema":"332fd63041d2c1bcb487cc26dd0d5f7d97098a6c","hash":"e74bdad5a093b85ac0a0c818a521c759562f00f0"}
,"/Users/hanzhang/Desktop/my_own_app/react-app/expensify-app/src/reducers/expenses.js": {"path":"/Users/hanzhang/Desktop/my_own_app/react-app/expensify-app/src/reducers/expenses.js","statementMap":{"0":{"start":{"line":3,"column":36},"end":{"line":3,"column":38}},"1":{"start":{"line":4,"column":24},"end":{"line":32,"column":1}},"2":{"start":{"line":5,"column":4},"end":{"line":31,"column":5}},"3":{"start":{"line":10,"column":12},"end":{"line":10,"column":46}},"4":{"start":{"line":17,"column":12},"end":{"line":17,"column":64}},"5":{"start":{"line":17,"column":45},"end":{"line":17,"column":61}},"6":{"start":{"line":19,"column":12},"end":{"line":28,"column":14}},"7":{"start":{"line":20,"column":16},"end":{"line":27,"column":17}},"8":{"start":{"line":21,"column":20},"end":{"line":24,"column":22}},"9":{"start":{"line":26,"column":20},"end":{"line":26,"column":32}},"10":{"start":{"line":30,"column":12},"end":{"line":30,"column":25}}},"fnMap":{"0":{"name":"(anonymous_0)","decl":{"start":{"line":4,"column":24},"end":{"line":4,"column":25}},"loc":{"start":{"line":4,"column":73},"end":{"line":32,"column":1}},"line":4},"1":{"name":"(anonymous_1)","decl":{"start":{"line":17,"column":32},"end":{"line":17,"column":33}},"loc":{"start":{"line":17,"column":45},"end":{"line":17,"column":61}},"line":17},"2":{"name":"(anonymous_2)","decl":{"start":{"line":19,"column":29},"end":{"line":19,"column":30}},"loc":{"start":{"line":19,"column":39},"end":{"line":28,"column":13}},"line":19}},"branchMap":{"0":{"loc":{"start":{"line":4,"column":25},"end":{"line":4,"column":60}},"type":"default-arg","locations":[{"start":{"line":4,"column":33},"end":{"line":4,"column":60}}],"line":4},"1":{"loc":{"start":{"line":5,"column":4},"end":{"line":31,"column":5}},"type":"switch","locations":[{"start":{"line":6,"column":8},"end":{"line":10,"column":46}},{"start":{"line":11,"column":8},"end":{"line":17,"column":64}},{"start":{"line":18,"column":8},"end":{"line":28,"column":14}},{"start":{"line":29,"column":8},"end":{"line":30,"column":25}}],"line":5},"2":{"loc":{"start":{"line":20,"column":16},"end":{"line":27,"column":17}},"type":"if","locations":[{"start":{"line":20,"column":16},"end":{"line":27,"column":17}},{"start":{"line":20,"column":16},"end":{"line":27,"column":17}}],"line":20}},"s":{"0":1,"1":1,"2":6,"3":1,"4":2,"5":6,"6":2,"7":6,"8":1,"9":5,"10":1},"f":{"0":6,"1":6,"2":6},"b":{"0":[1],"1":[1,2,2,1],"2":[1,5]},"_coverageSchema":"332fd63041d2c1bcb487cc26dd0d5f7d97098a6c","hash":"72bb382c73cf4a1b5a66232b92b3a1bff959976c"}
,"/Users/hanzhang/Desktop/my_own_app/react-app/expensify-app/src/reducers/filters.js": {"path":"/Users/hanzhang/Desktop/my_own_app/react-app/expensify-app/src/reducers/filters.js","statementMap":{"0":{"start":{"line":4,"column":35},"end":{"line":10,"column":1}},"1":{"start":{"line":14,"column":23},"end":{"line":44,"column":1}},"2":{"start":{"line":15,"column":4},"end":{"line":43,"column":5}},"3":{"start":{"line":17,"column":12},"end":{"line":20,"column":14}},"4":{"start":{"line":22,"column":12},"end":{"line":25,"column":14}},"5":{"start":{"line":27,"column":12},"end":{"line":30,"column":14}},"6":{"start":{"line":32,"column":12},"end":{"line":35,"column":14}},"7":{"start":{"line":37,"column":12},"end":{"line":40,"column":14}},"8":{"start":{"line":42,"column":12},"end":{"line":42,"column":25}}},"fnMap":{"0":{"name":"(anonymous_0)","decl":{"start":{"line":14,"column":23},"end":{"line":14,"column":24}},"loc":{"start":{"line":14,"column":71},"end":{"line":44,"column":1}},"line":14}},"branchMap":{"0":{"loc":{"start":{"line":14,"column":24},"end":{"line":14,"column":58}},"type":"default-arg","locations":[{"start":{"line":14,"column":32},"end":{"line":14,"column":58}}],"line":14},"1":{"loc":{"start":{"line":15,"column":4},"end":{"line":43,"column":5}},"type":"switch","locations":[{"start":{"line":16,"column":8},"end":{"line":20,"column":14}},{"start":{"line":21,"column":8},"end":{"line":25,"column":14}},{"start":{"line":26,"column":8},"end":{"line":30,"column":14}},{"start":{"line":31,"column":8},"end":{"line":35,"column":14}},{"start":{"line":36,"column":8},"end":{"line":40,"column":14}},{"start":{"line":41,"column":8},"end":{"line":42,"column":25}}],"line":15}},"s":{"0":1,"1":1,"2":6,"3":1,"4":1,"5":1,"6":1,"7":1,"8":1},"f":{"0":6},"b":{"0":[5],"1":[1,1,1,1,1,1]},"_coverageSchema":"332fd63041d2c1bcb487cc26dd0d5f7d97098a6c","hash":"5b1e9410e32746083e65b2b327d1d254054a54be"}
,"/Users/hanzhang/Desktop/my_own_app/react-app/expensify-app/src/selectors/expenses.js": {"path":"/Users/hanzhang/Desktop/my_own_app/react-app/expensify-app/src/selectors/expenses.js","statementMap":{"0":{"start":{"line":4,"column":27},"end":{"line":41,"column":1}},"1":{"start":{"line":6,"column":4},"end":{"line":40,"column":6}},"2":{"start":{"line":9,"column":36},"end":{"line":9,"column":58}},"3":{"start":{"line":11,"column":35},"end":{"line":11,"column":102}},"4":{"start":{"line":14,"column":33},"end":{"line":14,"column":95}},"5":{"start":{"line":16,"column":30},"end":{"line":16,"column":89}},"6":{"start":{"line":28,"column":12},"end":{"line":28,"column":63}},"7":{"start":{"line":33,"column":12},"end":{"line":35,"column":13}},"8":{"start":{"line":34,"column":16},"end":{"line":34,"column":60}},"9":{"start":{"line":36,"column":12},"end":{"line":38,"column":13}},"10":{"start":{"line":37,"column":16},"end":{"line":37,"column":54}}},"fnMap":{"0":{"name":"(anonymous_0)","decl":{"start":{"line":4,"column":27},"end":{"line":4,"column":28}},"loc":{"start":{"line":4,"column":79},"end":{"line":41,"column":1}},"line":4},"1":{"name":"(anonymous_1)","decl":{"start":{"line":7,"column":8},"end":{"line":7,"column":9}},"loc":{"start":{"line":7,"column":18},"end":{"line":30,"column":9}},"line":7},"2":{"name":"(anonymous_2)","decl":{"start":{"line":32,"column":8},"end":{"line":32,"column":9}},"loc":{"start":{"line":32,"column":18},"end":{"line":39,"column":9}},"line":32}},"branchMap":{"0":{"loc":{"start":{"line":11,"column":35},"end":{"line":11,"column":102}},"type":"cond-expr","locations":[{"start":{"line":11,"column":47},"end":{"line":11,"column":95}},{"start":{"line":11,"column":98},"end":{"line":11,"column":102}}],"line":11},"1":{"loc":{"start":{"line":14,"column":33},"end":{"line":14,"column":95}},"type":"cond-expr","locations":[{"start":{"line":14,"column":43},"end":{"line":14,"column":88}},{"start":{"line":14,"column":91},"end":{"line":14,"column":95}}],"line":14},"2":{"loc":{"start":{"line":28,"column":19},"end":{"line":28,"column":62}},"type":"binary-expr","locations":[{"start":{"line":28,"column":19},"end":{"line":28,"column":33}},{"start":{"line":28,"column":37},"end":{"line":28,"column":49}},{"start":{"line":28,"column":53},"end":{"line":28,"column":62}}],"line":28},"3":{"loc":{"start":{"line":33,"column":12},"end":{"line":35,"column":13}},"type":"if","locations":[{"start":{"line":33,"column":12},"end":{"line":35,"column":13}},{"start":{"line":33,"column":12},"end":{"line":35,"column":13}}],"line":33},"4":{"loc":{"start":{"line":34,"column":23},"end":{"line":34,"column":59}},"type":"cond-expr","locations":[{"start":{"line":34,"column":53},"end":{"line":34,"column":54}},{"start":{"line":34,"column":57},"end":{"line":34,"column":59}}],"line":34},"5":{"loc":{"start":{"line":36,"column":12},"end":{"line":38,"column":13}},"type":"if","locations":[{"start":{"line":36,"column":12},"end":{"line":38,"column":13}},{"start":{"line":36,"column":12},"end":{"line":38,"column":13}}],"line":36},"6":{"loc":{"start":{"line":37,"column":23},"end":{"line":37,"column":53}},"type":"cond-expr","locations":[{"start":{"line":37,"column":47},"end":{"line":37,"column":48}},{"start":{"line":37,"column":51},"end":{"line":37,"column":53}}],"line":37}},"s":{"0":3,"1":5,"2":15,"3":15,"4":15,"5":15,"6":15,"7":9,"8":6,"9":3,"10":3},"f":{"0":5,"1":15,"2":9},"b":{"0":[3,12],"1":[3,12],"2":[15,14,13],"3":[6,3],"4":[4,2],"5":[3,0],"6":[2,1]},"_coverageSchema":"332fd63041d2c1bcb487cc26dd0d5f7d97098a6c","hash":"3bb7cbfb69d384b692400d31853970dc3b591fce"}
,"/Users/hanzhang/Desktop/my_own_app/react-app/expensify-app/src/tests/setupTests.js": {"path":"/Users/hanzhang/Desktop/my_own_app/react-app/expensify-app/src/tests/setupTests.js","statementMap":{"0":{"start":{"line":14,"column":0},"end":{"line":16,"column":2}}},"fnMap":{},"branchMap":{},"s":{"0":9},"f":{},"b":{},"_coverageSchema":"332fd63041d2c1bcb487cc26dd0d5f7d97098a6c","hash":"762342edc80cfec5beae70ec88450fcf88e1df6f"}
,"/Users/hanzhang/Desktop/my_own_app/react-app/expensify-app/src/tests/fixtures/expenses.js": {"path":"/Users/hanzhang/Desktop/my_own_app/react-app/expensify-app/src/tests/fixtures/expenses.js","statementMap":{"0":{"start":{"line":2,"column":17},"end":{"line":26,"column":2}}},"fnMap":{},"branchMap":{},"s":{"0":7},"f":{},"b":{},"_coverageSchema":"332fd63041d2c1bcb487cc26dd0d5f7d97098a6c","hash":"6f9c722f2bed26c84909c82190b235e1cdf65fa6"}
,"/Users/hanzhang/Desktop/my_own_app/react-app/expensify-app/src/tests/fixtures/filters.js": {"path":"/Users/hanzhang/Desktop/my_own_app/react-app/expensify-app/src/tests/fixtures/filters.js","statementMap":{"0":{"start":{"line":3,"column":16},"end":{"line":22,"column":1}}},"fnMap":{},"branchMap":{},"s":{"0":1},"f":{},"b":{},"_coverageSchema":"332fd63041d2c1bcb487cc26dd0d5f7d97098a6c","hash":"05cf7515a83f60665fb5fe707de71e94ff1954c9"}
}
