TN:
SF:/Users/hanzhang/Desktop/my_own_app/react-app/expensify-app/src/actions/expenses.js
FN:7,(anonymous_0)
FN:21,(anonymous_1)
FN:26,(anonymous_2)
FNF:3
FNH:3
FNDA:2,(anonymous_0)
FNDA:1,(anonymous_1)
FNDA:1,(anonymous_2)
DA:7,1
DA:10,2
DA:21,1
DA:26,1
LF:4
LH:4
BRDA:8,0,0,1
BRDA:8,1,0,1
BRDA:8,2,0,1
BRDA:8,3,0,1
BRDA:8,4,0,1
BRDA:21,5,0,0
BRF:6
BRH:5
end_of_record
TN:
SF:/Users/hanzhang/Desktop/my_own_app/react-app/expensify-app/src/actions/filters.js
FN:5,(anonymous_0)
FN:10,(anonymous_1)
FN:14,(anonymous_2)
FN:18,(anonymous_3)
FN:23,(anonymous_4)
FNF:5
FNH:5
FNDA:2,(anonymous_0)
FNDA:1,(anonymous_1)
FNDA:1,(anonymous_2)
FNDA:1,(anonymous_3)
FNDA:1,(anonymous_4)
DA:5,2
DA:10,2
DA:14,2
DA:18,2
DA:23,2
LF:5
LH:5
BRDA:5,0,0,1
BRF:1
BRH:1
end_of_record
TN:
SF:/Users/hanzhang/Desktop/my_own_app/react-app/expensify-app/src/components/ExpenseDashboardPage.js
FN:6,(anonymous_0)
FNF:1
FNH:1
FNDA:1,(anonymous_0)
DA:6,1
DA:7,1
LF:2
LH:2
BRF:0
BRH:0
end_of_record
TN:
SF:/Users/hanzhang/Desktop/my_own_app/react-app/expensify-app/src/components/ExpenseForm.js
FN:12,(anonymous_0)
FN:31,(anonymous_1)
FN:33,(anonymous_2)
FN:36,(anonymous_3)
FN:38,(anonymous_4)
FN:41,(anonymous_5)
FN:48,(anonymous_6)
FN:51,(anonymous_7)
FN:53,(anonymous_8)
FN:55,(anonymous_9)
FN:57,(anonymous_10)
FN:65,(anonymous_11)
FN:69,(anonymous_12)
FN:71,(anonymous_13)
FN:84,(anonymous_14)
FN:112,(anonymous_15)
FNF:16
FNH:4
FNDA:3,(anonymous_0)
FNDA:0,(anonymous_1)
FNDA:0,(anonymous_2)
FNDA:0,(anonymous_3)
FNDA:0,(anonymous_4)
FNDA:0,(anonymous_5)
FNDA:0,(anonymous_6)
FNDA:0,(anonymous_7)
FNDA:0,(anonymous_8)
FNDA:0,(anonymous_9)
FNDA:0,(anonymous_10)
FNDA:1,(anonymous_11)
FNDA:1,(anonymous_12)
FNDA:0,(anonymous_13)
FNDA:4,(anonymous_14)
FNDA:0,(anonymous_15)
DA:13,3
DA:14,3
DA:33,0
DA:37,0
DA:38,0
DA:42,0
DA:47,0
DA:48,0
DA:52,0
DA:53,0
DA:56,0
DA:57,0
DA:66,1
DA:67,1
DA:68,1
DA:69,1
DA:71,0
DA:72,0
DA:79,0
DA:87,4
DA:112,0
LF:21
LH:7
BRDA:15,0,0,1
BRDA:15,0,1,2
BRDA:16,1,0,1
BRDA:16,1,1,2
BRDA:17,2,0,1
BRDA:17,2,1,2
BRDA:18,3,0,1
BRDA:18,3,1,2
BRDA:37,4,0,0
BRDA:37,4,1,0
BRDA:47,5,0,0
BRDA:47,5,1,0
BRDA:47,6,0,0
BRDA:47,6,1,0
BRDA:67,7,0,1
BRDA:67,7,1,0
BRDA:67,8,0,1
BRDA:67,8,1,0
BRDA:89,9,0,4
BRDA:89,9,1,1
BRF:20
BRH:12
end_of_record
TN:
SF:/Users/hanzhang/Desktop/my_own_app/react-app/expensify-app/src/components/ExpenseList.js
FN:8,(anonymous_0)
FN:20,(anonymous_1)
FN:32,(anonymous_2)
FNF:3
FNH:2
FNDA:2,(anonymous_0)
FNDA:3,(anonymous_1)
FNDA:0,(anonymous_2)
DA:8,2
DA:10,2
DA:11,2
DA:20,3
DA:32,2
DA:33,0
LF:6
LH:5
BRDA:14,0,0,1
BRDA:14,0,1,1
BRF:2
BRH:2
end_of_record
TN:
SF:/Users/hanzhang/Desktop/my_own_app/react-app/expensify-app/src/components/ExpenseListFilters.js
FN:12,(anonymous_0)
FN:17,(anonymous_1)
FN:18,(anonymous_2)
FN:20,(anonymous_3)
FN:28,(anonymous_4)
FN:39,(anonymous_5)
FN:60,(anonymous_6)
FN:67,(anonymous_7)
FNF:8
FNH:0
FNDA:0,(anonymous_0)
FNDA:0,(anonymous_1)
FNDA:0,(anonymous_2)
FNDA:0,(anonymous_3)
FNDA:0,(anonymous_4)
FNDA:0,(anonymous_5)
FNDA:0,(anonymous_6)
FNDA:0,(anonymous_7)
DA:13,0
DA:14,0
DA:18,0
DA:21,0
DA:29,0
DA:40,0
DA:41,0
DA:60,0
DA:67,1
DA:68,0
LF:10
LH:1
BRDA:40,0,0,0
BRDA:40,0,1,0
BRDA:41,1,0,0
BRDA:41,1,1,0
BRF:4
BRH:0
end_of_record
TN:
SF:/Users/hanzhang/Desktop/my_own_app/react-app/expensify-app/src/components/ExpenseListItem.js
FN:4,(anonymous_0)
FNF:1
FNH:1
FNDA:1,(anonymous_0)
DA:4,3
DA:7,1
LF:2
LH:2
BRF:0
BRH:0
end_of_record
TN:
SF:/Users/hanzhang/Desktop/my_own_app/react-app/expensify-app/src/components/Header.js
FN:5,(anonymous_0)
FNF:1
FNH:1
FNDA:1,(anonymous_0)
DA:5,1
DA:6,1
LF:2
LH:2
BRF:0
BRH:0
end_of_record
TN:
SF:/Users/hanzhang/Desktop/my_own_app/react-app/expensify-app/src/components/NotFoundPage.js
FN:4,(anonymous_0)
FNF:1
FNH:1
FNDA:1,(anonymous_0)
DA:4,1
DA:5,1
LF:2
LH:2
BRF:0
BRH:0
end_of_record
TN:
SF:/Users/hanzhang/Desktop/my_own_app/react-app/expensify-app/src/reducers/expenses.js
FN:4,(anonymous_0)
FN:17,(anonymous_1)
FN:19,(anonymous_2)
FNF:3
FNH:3
FNDA:6,(anonymous_0)
FNDA:6,(anonymous_1)
FNDA:6,(anonymous_2)
DA:3,1
DA:4,1
DA:5,6
DA:10,1
DA:17,6
DA:19,2
DA:20,6
DA:21,1
DA:26,5
DA:30,1
LF:10
LH:10
BRDA:4,0,0,1
BRDA:5,1,0,1
BRDA:5,1,1,2
BRDA:5,1,2,2
BRDA:5,1,3,1
BRDA:20,2,0,1
BRDA:20,2,1,5
BRF:7
BRH:7
end_of_record
TN:
SF:/Users/hanzhang/Desktop/my_own_app/react-app/expensify-app/src/reducers/filters.js
FN:14,(anonymous_0)
FNF:1
FNH:1
FNDA:6,(anonymous_0)
DA:4,1
DA:14,1
DA:15,6
DA:17,1
DA:22,1
DA:27,1
DA:32,1
DA:37,1
DA:42,1
LF:9
LH:9
BRDA:14,0,0,5
BRDA:15,1,0,1
BRDA:15,1,1,1
BRDA:15,1,2,1
BRDA:15,1,3,1
BRDA:15,1,4,1
BRDA:15,1,5,1
BRF:7
BRH:7
end_of_record
TN:
SF:/Users/hanzhang/Desktop/my_own_app/react-app/expensify-app/src/selectors/expenses.js
FN:4,(anonymous_0)
FN:7,(anonymous_1)
FN:32,(anonymous_2)
FNF:3
FNH:3
FNDA:5,(anonymous_0)
FNDA:15,(anonymous_1)
FNDA:9,(anonymous_2)
DA:4,3
DA:6,5
DA:9,15
DA:11,15
DA:14,15
DA:16,15
DA:28,15
DA:33,9
DA:34,6
DA:36,3
DA:37,3
LF:11
LH:11
BRDA:11,0,0,3
BRDA:11,0,1,12
BRDA:14,1,0,3
BRDA:14,1,1,12
BRDA:28,2,0,15
BRDA:28,2,1,14
BRDA:28,2,2,13
BRDA:33,3,0,6
BRDA:33,3,1,3
BRDA:34,4,0,4
BRDA:34,4,1,2
BRDA:36,5,0,3
BRDA:36,5,1,0
BRDA:37,6,0,2
BRDA:37,6,1,1
BRF:15
BRH:14
end_of_record
TN:
SF:/Users/hanzhang/Desktop/my_own_app/react-app/expensify-app/src/tests/setupTests.js
FNF:0
FNH:0
DA:14,6
LF:1
LH:1
BRF:0
BRH:0
end_of_record
TN:
SF:/Users/hanzhang/Desktop/my_own_app/react-app/expensify-app/src/tests/fixtures/expenses.js
FNF:0
FNH:0
DA:2,5
LF:1
LH:1
BRF:0
BRH:0
end_of_record
